<?xml version="1.0" encoding="UTF-8"?>
<!-- Generated by org.testng.reporters.JUnitXMLReporter -->
<testsuite hostname="DESKTOP-H4EAD90" ignored="0" name="UrbanLadder - Study Chairs" tests="1" failures="0" timestamp="30 May 2020 11:51:05 GMT" time="16.974" errors="0">
  <testcase name="@BeforeClass navigateStudyChairs" time="16.873" classname="com.urbanladder.tests.StudyChairsTest">
    <failure type="java.lang.NullPointerException">
      <![CDATA[java.lang.NullPointerException
at com.urbanladder.pages.HomePage.navigateStudyChairs(HomePage.java:68)
at com.urbanladder.tests.StudyChairsTest.navigateStudyChairs(StudyChairsTest.java:21)
... Removed 26 stack frames]]>
    </failure>
  </testcase> <!-- @BeforeClass navigateStudyChairs -->
  <testcase name="@AfterClass tearDown" time="0.0" classname="com.urbanladder.tests.StudyChairsTest">
    <skipped/>
  </testcase> <!-- @AfterClass tearDown -->
  <testcase name="getStudyChairsDetails" time="0.0" classname="com.urbanladder.tests.StudyChairsTest">
    <skipped/>
  </testcase> <!-- getStudyChairsDetails -->
</testsuite> <!-- UrbanLadder - Study Chairs -->
