<?xml version="1.0" encoding="UTF-8"?>
<!-- Generated by org.testng.reporters.JUnitXMLReporter -->
<testsuite hostname="DESKTOP-H4EAD90" ignored="0" name="UrbanLadder - Furnitures" tests="2" failures="0" timestamp="12 Jun 2020 13:59:14 GMT" time="106.668" errors="0">
  <testcase name="getBookshelvesDetails" time="41.089" classname="com.urbanladder.tests.FurnituresTest"/>
  <testcase name="getStudyChairsDetails" time="46.982" classname="com.urbanladder.tests.FurnituresTest"/>
</testsuite> <!-- UrbanLadder - Furnitures -->
