<?xml version="1.0" encoding="UTF-8"?>
<!-- Generated by org.testng.reporters.JUnitXMLReporter -->
<testsuite hostname="DESKTOP-H4EAD90" ignored="0" name="UrbanLadder - Gift Cards" tests="2" failures="0" timestamp="12 Jun 2020 14:00:42 GMT" time="80.891" errors="0">
  <testcase name="sendGiftCard" time="30.781" classname="com.urbanladder.tests.GiftCardsTest"/>
  <testcase name="sendGiftCard" time="12.762" classname="com.urbanladder.tests.GiftCardsTest"/>
</testsuite> <!-- UrbanLadder - Gift Cards -->
