<?xml version="1.0" encoding="UTF-8"?>
<!-- Generated by org.testng.reporters.JUnitXMLReporter -->
<testsuite hostname="DESKTOP-H4EAD90" ignored="0" name="Default test" tests="2" failures="0" timestamp="30 May 2020 12:02:40 GMT" time="150.738" errors="0">
  <testcase name="getBookshelvesDetails" time="60.533" classname="com.urbanladder.tests.BookshelvesTest"/>
  <testcase name="getStudyChairsDetails" time="68.515" classname="com.urbanladder.tests.BookshelvesTest"/>
</testsuite> <!-- Default test -->
